1
                 Chemistry at HARvard Macromolecular Mechanics
               (CHARMM) - Stable Version 50b1     August 15, 2025               
                            Git commit ID 163d03c56                             
       Copyright(c) 1984-2025  President and Fellows of Harvard College
                              All Rights Reserved
  Current operating system: Linux-6.6.87.2-microsoft-standard-WSL2(x86_64)@La   
                 Created on  3/4/26 at 16:26:39 by user: zhang       

            Maximum number of ATOMS:    360720, and RESidues:      120240
 RDTITL> * PSF GENERATION FOR ALANINE DIPEPTIDE
 RDTITL> *
  
 CHARMM>     
  
 CHARMM>    ! 1. Read Topology and Parameters
 CHARMM>    read rtf card name top_all36_prot.rtf
 VOPEN> Attempting to open::top_all36_prot.rtf::
 MAINIO> Residue topology file being read from unit  90.
 TITLE> *>>>>>>>>CHARMM36 ALL-HYDROGEN TOPOLOGY FILE FOR PROTEINS <<<<<<
 TITLE> *>>>>> INCLUDES PHI, PSI CROSS TERM MAP (CMAP) CORRECTION <<<<<<<
 TITLE> *>>>>>>>>>>>>>>>>>>>>>>>>>> MAY 2011 <<<<<<<<<<<<<<<<<<<<<<<<<<<<
 TITLE> * ALL COMMENTS TO THE CHARMM WEB SITE: WWW.CHARMM.ORG
 TITLE> *             PARAMETER SET DISCUSSION FORUM
 TITLE> *
 VCLOSE: Closing unit   90 with status "KEEP"
  
 CHARMM>    read para card name par_all36m_prot.prm
 VOPEN> Attempting to open::par_all36m_prot.prm::

          PARAMETER FILE BEING READ FROM UNIT 90
 TITLE> *>>>> CHARMM36 ALL-HYDROGEN PARAMETER FILE FOR PROTEINS <<<<<<<<<<
 TITLE> *>>>>> INCLUDES PHI, PSI CROSS TERM MAP (CMAP) CORRECTION <<<<<<<<
 TITLE> *>>>>>>>>>>>>>>>>>>>>>>>>>> JAN. 2016 <<<<<<<<<<<<<<<<<<<<<<<<<<<<
 TITLE> * ALL COMMENTS TO THE CHARMM WEB SITE: WWW.CHARMM.ORG
 TITLE> *             PARAMETER SET DISCUSSION FORUM
 TITLE> *
 PARMIO> NONBOND, HBOND lists and IMAGE atoms cleared.
 VCLOSE: Closing unit   90 with status "KEEP"
  
 CHARMM>     
  
 CHARMM>    ! 2. Read Sequence from PDB
 CHARMM>    read sequ pdb name alanine_dipeptide.pdb
 VOPEN> Attempting to open::alanine_dipeptide.pdb::
 MAINIO> Sequence information being read from unit  90.
 TITLE>   ACE
 TITLE>  *

          RESIDUE SEQUENCE --   752 RESIDUES
          ACE ALA NME WAT WAT WAT WAT WAT WAT WAT WAT WAT WAT WAT WAT WAT WAT WAT WAT WAT 
          WAT WAT WAT WAT WAT WAT WAT WAT WAT WAT WAT WAT WAT WAT WAT WAT WAT WAT WAT WAT 
          WAT WAT WAT WAT WAT WAT WAT WAT WAT WAT WAT WAT WAT WAT WAT WAT WAT WAT WAT WAT 
          WAT WAT WAT WAT WAT WAT WAT WAT WAT WAT WAT WAT WAT WAT WAT WAT WAT WAT WAT WAT 
          WAT WAT WAT WAT WAT WAT WAT WAT WAT WAT WAT WAT WAT WAT WAT WAT WAT WAT WAT WAT 
          WAT WAT WAT WAT WAT WAT WAT WAT WAT WAT WAT WAT WAT WAT WAT WAT WAT WAT WAT WAT 
          WAT WAT WAT WAT WAT WAT WAT WAT WAT WAT WAT WAT WAT WAT WAT WAT WAT WAT WAT WAT 
          WAT WAT WAT WAT WAT WAT WAT WAT WAT WAT WAT WAT WAT WAT WAT WAT WAT WAT WAT WAT 
          WAT WAT WAT WAT WAT WAT WAT WAT WAT WAT WAT WAT WAT WAT WAT WAT WAT WAT WAT WAT 
          WAT WAT WAT WAT WAT WAT WAT WAT WAT WAT WAT WAT WAT WAT WAT WAT WAT WAT WAT WAT 
          WAT WAT WAT WAT WAT WAT WAT WAT WAT WAT WAT WAT WAT WAT WAT WAT WAT WAT WAT WAT 
          WAT WAT WAT WAT WAT WAT WAT WAT WAT WAT WAT WAT WAT WAT WAT WAT WAT WAT WAT WAT 
          WAT WAT WAT WAT WAT WAT WAT WAT WAT WAT WAT WAT WAT WAT WAT WAT WAT WAT WAT WAT 
          WAT WAT WAT WAT WAT WAT WAT WAT WAT WAT WAT WAT WAT WAT WAT WAT WAT WAT WAT WAT 
          WAT WAT WAT WAT WAT WAT WAT WAT WAT WAT WAT WAT WAT WAT WAT WAT WAT WAT WAT WAT 
          WAT WAT WAT WAT WAT WAT WAT WAT WAT WAT WAT WAT WAT WAT WAT WAT WAT WAT WAT WAT 
          WAT WAT WAT WAT WAT WAT WAT WAT WAT WAT WAT WAT WAT WAT WAT WAT WAT WAT WAT WAT 
          WAT WAT WAT WAT WAT WAT WAT WAT WAT WAT WAT WAT WAT WAT WAT WAT WAT WAT WAT WAT 
          WAT WAT WAT WAT WAT WAT WAT WAT WAT WAT WAT WAT WAT WAT WAT WAT WAT WAT WAT WAT 
          WAT WAT WAT WAT WAT WAT WAT WAT WAT WAT WAT WAT WAT WAT WAT WAT WAT WAT WAT WAT 
          WAT WAT WAT WAT WAT WAT WAT WAT WAT WAT WAT WAT WAT WAT WAT WAT WAT WAT WAT WAT 
          WAT WAT WAT WAT WAT WAT WAT WAT WAT WAT WAT WAT WAT WAT WAT WAT WAT WAT WAT WAT 
          WAT WAT WAT WAT WAT WAT WAT WAT WAT WAT WAT WAT WAT WAT WAT WAT WAT WAT WAT WAT 
          WAT WAT WAT WAT WAT WAT WAT WAT WAT WAT WAT WAT WAT WAT WAT WAT WAT WAT WAT WAT 
          WAT WAT WAT WAT WAT WAT WAT WAT WAT WAT WAT WAT WAT WAT WAT WAT WAT WAT WAT WAT 
          WAT WAT WAT WAT WAT WAT WAT WAT WAT WAT WAT WAT WAT WAT WAT WAT WAT WAT WAT WAT 
          WAT WAT WAT WAT WAT WAT WAT WAT WAT WAT WAT WAT WAT WAT WAT WAT WAT WAT WAT WAT 
          WAT WAT WAT WAT WAT WAT WAT WAT WAT WAT WAT WAT WAT WAT WAT WAT WAT WAT WAT WAT 
          WAT WAT WAT WAT WAT WAT WAT WAT WAT WAT WAT WAT WAT WAT WAT WAT WAT WAT WAT WAT 
          WAT WAT WAT WAT WAT WAT WAT WAT WAT WAT WAT WAT WAT WAT WAT WAT WAT WAT WAT WAT 
          WAT WAT WAT WAT WAT WAT WAT WAT WAT WAT WAT WAT WAT WAT WAT WAT WAT WAT WAT WAT 
          WAT WAT WAT WAT WAT WAT WAT WAT WAT WAT WAT WAT WAT WAT WAT WAT WAT WAT WAT WAT 
          WAT WAT WAT WAT WAT WAT WAT WAT WAT WAT WAT WAT WAT WAT WAT WAT WAT WAT WAT WAT 
          WAT WAT WAT WAT WAT WAT WAT WAT WAT WAT WAT WAT WAT WAT WAT WAT WAT WAT WAT WAT 
          WAT WAT WAT WAT WAT WAT WAT WAT WAT WAT WAT WAT WAT WAT WAT WAT WAT WAT WAT WAT 
          WAT WAT WAT WAT WAT WAT WAT WAT WAT WAT WAT WAT WAT WAT WAT WAT WAT WAT WAT WAT 
          WAT WAT WAT WAT WAT WAT WAT WAT WAT WAT WAT WAT WAT WAT WAT WAT WAT WAT WAT WAT 
          WAT WAT WAT WAT WAT WAT WAT WAT WAT WAT WAT WAT 
 VCLOSE: Closing unit   90 with status "KEEP"
  
 CHARMM>     
  
 CHARMM>    ! 3. Generate the Segment (The "building" step)
 CHARMM>    ! We use "setup" to build missing atoms (like hydrogens)
 CHARMM>    generate A setup warn

 ***** ERROR in GENIC ***** Residue 'ACE   ' has the wrong patch type


                                                  
                            /---------\           
                           /           \          
                          /             \         
                         /               \        
                         !  XXXX   XXXX  !        
                         !  XXXX   XXXX  !        
                         !  XXX     XXX  !        
                         !       X       !        
                          --\   XXX   /--         
                           ! !  XXX  ! !          
                           ! !       ! !          
                           ! I I I I I !          
                           !  I I I I  !          
                            \         /           
                             --     --            
                               \---/              
                        XXX             XXX       
                       XXXX             XXXX      
                       XXXXX           XXXXX      
                          XXX         XXX         
                            XXX     XXX           
                               XXXXX              
                              XXX XXX             
                            XXX     XXX           
                          XXX         XXX         
                       XXXXX           XXXXX      
                       XXXX             XXXX      
                        XXX             XXX       
                                                  
                                                  
 Execution terminated due to the detection of a fatal error.

                    ABNORMAL TERMINATION
                    NO WARNINGS WERE ISSUED

                    $$$$$ JOB ACCOUNTING INFORMATION $$$$$
                     ELAPSED TIME:     0.11  SECONDS 
                         CPU TIME:     0.08  SECONDS 
